<?xml version="1.0" encoding="UTF-8"?>
<testng-results ignored="0" total="1" passed="1" failed="0" skipped="0">
  <reporter-output>
  </reporter-output>
  <suite started-at="2018-08-26T06:11:25Z" name="Default suite" finished-at="2018-08-26T06:12:07Z" duration-ms="41976">
    <groups>
    </groups>
    <test started-at="2018-08-26T06:11:25Z" name="Default test" finished-at="2018-08-26T06:12:07Z" duration-ms="41976">
      <class name="sampleGIT.SampleGIT">
        <test-method signature="login()[pri:0, instance:sampleGIT.SampleGIT@47e2e487]" started-at="2018-08-26T06:11:25Z" name="login" finished-at="2018-08-26T06:12:07Z" duration-ms="41890" status="PASS">
          <reporter-output>
          </reporter-output>
        </test-method> <!-- login -->
      </class> <!-- sampleGIT.SampleGIT -->
    </test> <!-- Default test -->
  </suite> <!-- Default suite -->
</testng-results>
